<?xml version="1.0" encoding="UTF-8"?>
<!-- Generated by org.testng.reporters.JUnitReportReporter -->
<testsuite hostname="SLT-DTP-131" name="engine.DriverScript" tests="1" failures="0" timestamp="26 Nov 2018 08:04:17 GMT" time="12.348" errors="0">
  <testcase name="fun" time="12.348" classname="engine.DriverScript"/>
</testsuite> <!-- engine.DriverScript -->
